<?xml version="1.0" encoding="UTF-8"?>
<testng-results ignored="0" total="1" passed="0" failed="1" skipped="0">
  <reporter-output>
  </reporter-output>
  <suite started-at="2022-10-24T08:59:14Z" name="Default suite" finished-at="2022-10-24T09:00:44Z" duration-ms="90496">
    <groups>
    </groups>
    <test started-at="2022-10-24T08:59:14Z" name="Default test" finished-at="2022-10-24T09:00:44Z" duration-ms="90496">
      <class name="test.MovieTitleValidationTest">
        <test-method is-config="true" signature="launchApplication()[pri:0, instance:test.MovieTitleValidationTest@1fa1cab1]" started-at="2022-10-24T08:59:14Z" name="launchApplication" finished-at="2022-10-24T08:59:25Z" duration-ms="11018" status="PASS">
          <reporter-output>
          </reporter-output>
        </test-method> <!-- launchApplication -->
        <test-method signature="movieValidityTest()[pri:0, instance:test.MovieTitleValidationTest@1fa1cab1]" started-at="2022-10-24T08:59:25Z" name="movieValidityTest" finished-at="2022-10-24T09:00:40Z" duration-ms="75587" status="FAIL">
          <exception class="java.lang.AssertionError">
            <message>
              <![CDATA[expected [13 April 2022] but found [14 April 2022]]]>
            </message>
            <full-stacktrace>
              <![CDATA[java.lang.AssertionError: expected [13 April 2022] but found [14 April 2022]
at org.testng.Assert.fail(Assert.java:96)
at org.testng.Assert.failNotEquals(Assert.java:776)
at org.testng.Assert.assertEqualsImpl(Assert.java:137)
at org.testng.Assert.assertEquals(Assert.java:118)
at org.testng.Assert.assertEquals(Assert.java:453)
at org.testng.Assert.assertEquals(Assert.java:463)
at test.MovieTitleValidationTest.movieValidityTest(MovieTitleValidationTest.java:42)
at java.base/jdk.internal.reflect.NativeMethodAccessorImpl.invoke0(Native Method)
at java.base/jdk.internal.reflect.NativeMethodAccessorImpl.invoke(NativeMethodAccessorImpl.java:77)
at java.base/jdk.internal.reflect.DelegatingMethodAccessorImpl.invoke(DelegatingMethodAccessorImpl.java:43)
at java.base/java.lang.reflect.Method.invoke(Method.java:568)
at org.testng.internal.MethodInvocationHelper.invokeMethod(MethodInvocationHelper.java:124)
at org.testng.internal.Invoker.invokeMethod(Invoker.java:583)
at org.testng.internal.Invoker.invokeTestMethod(Invoker.java:719)
at org.testng.internal.Invoker.invokeTestMethods(Invoker.java:989)
at org.testng.internal.TestMethodWorker.invokeTestMethods(TestMethodWorker.java:125)
at org.testng.internal.TestMethodWorker.run(TestMethodWorker.java:109)
at org.testng.TestRunner.privateRun(TestRunner.java:648)
at org.testng.TestRunner.run(TestRunner.java:505)
at org.testng.SuiteRunner.runTest(SuiteRunner.java:455)
at org.testng.SuiteRunner.runSequentially(SuiteRunner.java:450)
at org.testng.SuiteRunner.privateRun(SuiteRunner.java:415)
at org.testng.SuiteRunner.run(SuiteRunner.java:364)
at org.testng.SuiteRunnerWorker.runSuite(SuiteRunnerWorker.java:52)
at org.testng.SuiteRunnerWorker.run(SuiteRunnerWorker.java:84)
at org.testng.TestNG.runSuitesSequentially(TestNG.java:1208)
at org.testng.TestNG.runSuitesLocally(TestNG.java:1137)
at org.testng.TestNG.runSuites(TestNG.java:1049)
at org.testng.TestNG.run(TestNG.java:1017)
at org.testng.remote.AbstractRemoteTestNG.run(AbstractRemoteTestNG.java:115)
at org.testng.remote.RemoteTestNG.initAndRun(RemoteTestNG.java:251)
at org.testng.remote.RemoteTestNG.main(RemoteTestNG.java:77)
]]>
            </full-stacktrace>
          </exception> <!-- java.lang.AssertionError -->
          <reporter-output>
          </reporter-output>
        </test-method> <!-- movieValidityTest -->
        <test-method is-config="true" signature="tearDown()[pri:0, instance:test.MovieTitleValidationTest@1fa1cab1]" started-at="2022-10-24T09:00:40Z" name="tearDown" finished-at="2022-10-24T09:00:44Z" duration-ms="3826" status="PASS">
          <reporter-output>
          </reporter-output>
        </test-method> <!-- tearDown -->
      </class> <!-- test.MovieTitleValidationTest -->
    </test> <!-- Default test -->
  </suite> <!-- Default suite -->
</testng-results>
